commit 667f9728329627e796ce5080a58dfdf6a41c6870
Author: barak menachem <barakmen@post.bgu.ac.il>
Date:   Tue May 8 20:33:07 2018 +0300

    fix the readme

commit 88aded4d1e8ded9ac535371832964d4e69d84424
Merge: 9f39f4b f5d276f
Author: barak menachem <barakmen@post.bgu.ac.il>
Date:   Tue May 8 20:30:24 2018 +0300

    Merge branch 'master' into develop

commit f5d276f5df96492fadb0a28936451ba983fce627
Author: barak menachem <barakmen@post.bgu.ac.il>
Date:   Tue May 8 20:29:26 2018 +0300

    set the readme

commit 9f39f4b83e180e45d6e1c515986506250ff641d6
Merge: 8440211 e233a50
Author: barak menachem <barakmen@post.bgu.ac.il>
Date:   Tue May 8 19:45:53 2018 +0300

    Merge branch 'hotfix-1.5.1' into develop

commit 02b2122bff29dfada22df0d84df5e5a0a5363f19
Merge: 9d39585 e233a50
Author: barak menachem <barakmen@post.bgu.ac.il>
Date:   Tue May 8 19:44:28 2018 +0300

    Merge branch 'hotfix-1.5.1'

commit e233a507cb322570513b5f4f3279f9bae0b655b3
Author: barak menachem <barakmen@post.bgu.ac.il>
Date:   Tue May 8 19:44:07 2018 +0300

    Fixed severe production problem

commit 828d24a8b9ba4cfd8125cd06feea2111b83daf5c
Author: barak menachem <barakmen@post.bgu.ac.il>
Date:   Tue May 8 19:39:25 2018 +0300

    fixing the critical bug

commit 84402118159e72e34ae34603713361931122309a
Merge: d71fdb9 0642bac
Author: barak menachem <barakmen@post.bgu.ac.il>
Date:   Tue May 8 19:24:30 2018 +0300

    Merge branch 'release-1.5' into develop

commit 9d39585ef2b217f8fb0ee62cb53b6b93e5fab395
Merge: 3b79e15 0642bac
Author: barak menachem <barakmen@post.bgu.ac.il>
Date:   Tue May 8 19:23:13 2018 +0300

    Merge branch 'release-1.5'

commit 0642bac9ff3301f435608829842a29266532c84c
Author: barak menachem <barakmen@post.bgu.ac.il>
Date:   Tue May 8 19:22:47 2018 +0300

    Bumped version number to 1.5

commit d71fdb9c442011399313de64a38e6c5e75b4ea86
Merge: 2c2d7b4 8e02cd7
Author: barak menachem <barakmen@post.bgu.ac.il>
Date:   Tue May 8 19:12:34 2018 +0300

    Merge branch 'my-fourth-feature' into develop

commit 8e02cd71f59358ca51da2af368c4707a02551364
Author: barak menachem <barakmen@post.bgu.ac.il>
Date:   Tue May 8 19:11:48 2018 +0300

    finish working on the fourth feature

commit fdde0fc569bda26a7a0a3dfd808bc6a183616cc9
Author: barak menachem <barakmen@post.bgu.ac.il>
Date:   Tue May 8 19:10:57 2018 +0300

    fix some bugs in the fourth feature

commit 9c9ec4cec589e476632012eff81d51a4f698f350
Author: barak menachem <barakmen@post.bgu.ac.il>
Date:   Tue May 8 19:10:19 2018 +0300

    start working on fourth feature

commit 3b79e1508c3fe48283c78b307e9f66d170b87d58
Merge: bd11d1e f615778
Author: barak menachem <barakmen@post.bgu.ac.il>
Date:   Tue May 8 19:01:45 2018 +0300

    Merge branch 'release-1.0'

commit 2c2d7b4ce2d0b718649782bafada06108375c27f
Merge: 06845e8 f615778
Author: barak menachem <barakmen@post.bgu.ac.il>
Date:   Tue May 8 18:57:18 2018 +0300

    Merge branch 'release-1.0' into develop

commit f615778683410c690c660352491dce945e2a7ee8
Author: barak menachem <barakmen@post.bgu.ac.il>
Date:   Tue May 8 18:55:36 2018 +0300

    finish to work on the release files - ready to production

commit 45313f503044630b04d49c09c72738a39693f0bd
Author: barak menachem <barakmen@post.bgu.ac.il>
Date:   Tue May 8 18:51:10 2018 +0300

    creating and editing the release files and metadata

commit 06845e871fd93cce62aaee68cfbb5c597c19e737
Merge: 5ee6ac9 dcfbb26
Author: barak menachem <barakmen@post.bgu.ac.il>
Date:   Tue May 8 18:47:22 2018 +0300

    Merge branch 'my-third-feature' into develop

commit dcfbb26df8d0b7335de769aba4a82ca8c3d9f40d
Author: barak menachem <barakmen@post.bgu.ac.il>
Date:   Tue May 8 18:46:36 2018 +0300

    finish work on the third feature

commit 615dff67a1aae986ad52cbbb51e945cf27561390
Author: barak menachem <barakmen@post.bgu.ac.il>
Date:   Tue May 8 18:40:32 2018 +0300

    start working on the third feature!

commit 5ee6ac950d2d8fac7e47742777a60a3bd09f5c0f
Merge: 5c42036 bcdb2d5
Author: barak menachem <barakmen@post.bgu.ac.il>
Date:   Tue May 8 18:25:32 2018 +0300

    Merge branch 'my-second-feature' into develop

commit bcdb2d54033058090cf85fca4f71191c5e2bc53c
Author: barak menachem <barakmen@post.bgu.ac.il>
Date:   Tue May 8 18:24:44 2018 +0300

    finish to work on the second feature

commit d38e801b61020303790925836bad0be804bc729a
Author: barak menachem <barakmen@post.bgu.ac.il>
Date:   Tue May 8 18:22:01 2018 +0300

    start working on the second feature

commit 5c4203650fbc56a25a5fe7685804efcbe166e1b9
Merge: bd11d1e 302530f
Author: barak menachem <barakmen@post.bgu.ac.il>
Date:   Tue May 8 18:18:01 2018 +0300

    Merge branch 'my-first-feature' into develop

commit 302530fc9ee51e26dea459ef9f3ef065139cf5cc
Author: barak menachem <barakmen@post.bgu.ac.il>
Date:   Tue May 8 18:17:14 2018 +0300

    finish to work on the first feature

commit 6988f241e2fcccef19c4c01389b416aacb04f5e9
Author: barak menachem <barakmen@post.bgu.ac.il>
Date:   Tue May 8 18:14:48 2018 +0300

    start working on the first feature

commit bd11d1e40aa45499849f1da525de39645a8dfe94
Author: barak menachem <barakmen@post.bgu.ac.il>
Date:   Tue May 8 17:59:01 2018 +0300

    first commit
